<?xml version="1.0" encoding="UTF-8"?>
<!-- Generated by org.testng.reporters.JUnitReportReporter -->
<testsuite hostname="DESKTOP-6JSVFQS" failures="0" tests="1" name="com.TestNG.Annotations1" time="0.007" errors="0" timestamp="2023-01-23T08:12:19 GMT-08:00" skipped="0">
  <testcase classname="com.TestNG.Annotations1" name="gmailApplicationLaunch" time="0.007"/>
  <system-out/>
</testsuite> <!-- com.TestNG.Annotations1 -->
