<?xml version="1.0" encoding="UTF-8"?>
<!-- Generated by org.testng.reporters.JUnitReportReporter -->
<testsuite hostname="DESKTOP-6JSVFQS" failures="0" tests="1" name="com.OrangeHRMApplication.OrangeHRMLogInPageTest" time="7.222" errors="0" timestamp="2023-02-01T19:50:53 GMT-08:00" skipped="0">
  <testcase classname="com.OrangeHRMApplication.OrangeHRMLogInPageTest" name="logInPageLogInFuncationalityTest" time="7.222"/>
  <system-out/>
</testsuite> <!-- com.OrangeHRMApplication.OrangeHRMLogInPageTest -->
